********************************************************************************
DUPLICATOR-LITE PACKAGE-LOG: 24.01.2024 22:13
NOTICE: Do NOT post to public sites or forums 
********************************************************************************
VERSION:	1.5.8
WORDPRESS:	6.4.2
PHP INFO:	8.2.0 | SAPI: cgi-fcgi
SERVER:		Apache/2.4.54 (Unix) mod_fastcgi/mod_fastcgi-SNAP-0910052141 OpenSSL/1.0.2u mod_wsgi/3.5 Python/2.7.18 
PHP TIME LIMIT: (0) no time limit imposed 
PHP MAX MEMORY: 4294967296 (128M default) 
MEMORY STACK: 44.5MB

********************************************************************************
DATABASE:
********************************************************************************
BUILD MODE:   PHP(query limit - 100)
MYSQLTIMEOUT: 5000
MYSQLDUMP:    Not Supported
TABLES: total:13 | filtered:0 | create:13
FILTERED: []
SQL CREATED: 20240124_d182d0b5d181d182d0bed0b2d18bd0b_0f663fc9a7107b3b1562_20240124221306_database.sql
SQL FILE SIZE: 1.71MB (1796859)
SQL FILE TIME: 2024-01-24 22:13:09
SQL RUNTIME: 0.10 sec.

********************************************************************************
ARCHIVE (ZIP):
********************************************************************************
ARCHIVE DIR:  /Users/denisbogdanov/Sites/my_sites/takidela.local.com
ARCHIVE FILE: 20240124_d182d0b5d181d182d0bed0b2d18bd0b_0f663fc9a7107b3b1562_20240124221306_archive.zip
FILTERS: *OFF*
DIRS:
	not set
FILES:
	not set
EXTS:  not set
----------------------------------------
COMPRESSING
SIZE:	96.23MB
STATS:	Dirs 580 | Files 4,412
SQL ADDED: 20240124_d182d0b5d181d182d0bed0b2d18bd0b_0f663fc9a7107b3b1562_20240124221306_database.sql
ZipArchive Object
(
    [lastId] => 4991
    [status] => 0
    [statusSys] => 0
    [numFiles] => 4992
    [filename] => /Users/denisbogdanov/Sites/my_sites/takidela.local.com/wp-content/backups-dup-lite/tmp/20240124_d182d0b5d181d182d0bed0b2d18bd0b_0f663fc9a7107b3b1562_20240124221306_archive.zip
    [comment] => 
)

FILE ADDED TO ZIP: 4991
COMPRESSION RESULT: '1'
COMPRESSED SIZE: 34.87MB
ARCHIVE RUNTIME: 7.40 sec.
MEMORY STACK: 46.5MB
building installer
ARCHIVE CONSISTENCY TEST: PASS

********************************************************************************
INTEGRITY CHECKS:
********************************************************************************
SQL FILE: 1.71MB
INSTALLER FILE: 73.5KB
ARCHIVE FILE: 36.71MB 
ОЖИДАЕМОЕ КОЛИЧЕСТВО ФАЙЛОВ/КАТОЛОГ: 4,992
ФАКТИЧЕСКОЕ КОЛИЧЕСТВО ФАЙЛОВ/КАТАЛОГОВ: 4,991
ТЕСТ ЛОГИКИ АРХИВА: Пройден

********************************************************************************
RECORD ID:[1]
TOTAL PROCESS RUNTIME: 10.38 sec.
PEAK PHP MEMORY USED: 52.5MB
DONE PROCESSING => 20240124_d182d0b5d181d182d0bed0b2d18bd0b 24.01.2024 22:13

